2024-02-07 18:57:22,291:ERROR:Error retrieving object from https://worker-blue-frog-o2cd.deanlaughing.workers.dev. Error: 404 Client Error: Not Found for url: https://worker-blue-frog-o2cd.deanlaughing.workers.dev/?url=https://5ad2ddf9aa06683d90aa5df60149f527.r2.cloudflarestorage.com/logs/logs.csv
2024-02-07 18:57:22,292:ERROR:Failed to retrieve object.
2024-02-07 19:00:59,624:ERROR:Error retrieving object from https://worker-blue-frog-o2cd.deanlaughing.workers.dev. Error: 404 Client Error: Not Found for url: https://worker-blue-frog-o2cd.deanlaughing.workers.dev/?url=https://5ad2ddf9aa06683d90aa5df60149f527.r2.cloudflarestorage.com/logs/logs.csv
2024-02-07 19:01:12,174:ERROR:Error retrieving object from https://worker-blue-frog-o2cd.deanlaughing.workers.dev. Error: 404 Client Error: Not Found for url: https://worker-blue-frog-o2cd.deanlaughing.workers.dev/?url=https://5ad2ddf9aa06683d90aa5df60149f527.r2.cloudflarestorage.com/logs/logs.csv
2024-02-07 19:01:53,064:ERROR:Error retrieving object from https://worker-blue-frog-o2cd.deanlaughing.workers.dev. Error: 404 Client Error: Not Found for url: https://worker-blue-frog-o2cd.deanlaughing.workers.dev/?url=https://5ad2ddf9aa06683d90aa5df60149f527.r2.cloudflarestorage.com/logs/logs.csv
2024-02-07 19:06:06,001:ERROR:Error in main function. Error: retrieve_object_via_worker() missing 1 required positional argument: 'filename'
2024-02-07 19:07:09,267:ERROR:Error in main function. Error: retrieve_object_via_worker() missing 1 required positional argument: 'filename'
2024-02-07 19:07:37,287:ERROR:Error retrieving object from https://worker-blue-frog-o2cd.deanlaughing.workers.dev. Error: 404 Client Error: Not Found for url: https://worker-blue-frog-o2cd.deanlaughing.workers.dev/?url=https://5ad2ddf9aa06683d90aa5df60149f527.r2.cloudflarestorage.com/logs/logs.csv
2024-02-07 19:12:47,593:ERROR:Error retrieving object from https://worker-blue-frog-o2cd.deanlaughing.workers.dev. Error: 404 Client Error: Not Found for url: https://worker-blue-frog-o2cd.deanlaughing.workers.dev/?url=https://5ad2ddf9aa06683d90aa5df60149f527.r2.cloudflarestorage.com/logs/logs.csv
2024-02-07 19:13:08,065:ERROR:Error retrieving object from https://worker-blue-frog-o2cd.deanlaughing.workers.dev. Error: 404 Client Error: Not Found for url: https://worker-blue-frog-o2cd.deanlaughing.workers.dev/?url=https://5ad2ddf9aa06683d90aa5df60149f527.r2.cloudflarestorage.com/logs/logs.csv
2024-02-07 19:13:09,725:ERROR:Error retrieving object from https://worker-blue-frog-o2cd.deanlaughing.workers.dev. Error: 404 Client Error: Not Found for url: https://worker-blue-frog-o2cd.deanlaughing.workers.dev/?url=https://5ad2ddf9aa06683d90aa5df60149f527.r2.cloudflarestorage.com/logs/logs.csv
2024-02-07 19:14:43,873:ERROR:HTTP Request failed: 404 Client Error: Not Found for url: https://worker-blue-frog-o2cd.deanlaughing.workers.dev/?url=https://5ad2ddf9aa06683d90aa5df60149f527.r2.cloudflarestorage.com/logs/logs.csv
2024-02-07 19:15:47,073:ERROR:HTTP Request failed: 404 Client Error: Not Found for url: https://worker-blue-frog-o2cd.deanlaughing.workers.dev/?url=https://5ad2ddf9aa06683d90aa5df60149f527.r2.cloudflarestorage.com/logs/logs.csv
2024-02-07 19:15:49,932:ERROR:HTTP Request failed: 404 Client Error: Not Found for url: https://worker-blue-frog-o2cd.deanlaughing.workers.dev/?url=https://5ad2ddf9aa06683d90aa5df60149f527.r2.cloudflarestorage.com/logs/logs.csv
2024-02-07 19:18:10,243:ERROR:HTTP Request failed: 404 Client Error: Not Found for url: https://worker-blue-frog-o2cd.deanlaughing.workers.dev/?url=https://5ad2ddf9aa06683d90aa5df60149f527.r2.cloudflarestorage.com/logs/logs.csv
2024-02-07 19:18:12,256:ERROR:HTTP Request failed: 404 Client Error: Not Found for url: https://worker-blue-frog-o2cd.deanlaughing.workers.dev/?url=https://5ad2ddf9aa06683d90aa5df60149f527.r2.cloudflarestorage.com/logs/logs.csv
2024-02-07 19:18:13,245:ERROR:HTTP Request failed: 404 Client Error: Not Found for url: https://worker-blue-frog-o2cd.deanlaughing.workers.dev/?url=https://5ad2ddf9aa06683d90aa5df60149f527.r2.cloudflarestorage.com/logs/logs.csv
2024-02-07 19:18:58,046:ERROR:HTTP Request failed: 404 Client Error: Not Found for url: https://worker-blue-frog-o2cd.deanlaughing.workers.dev/?url=
2024-02-07 19:18:59,601:ERROR:HTTP Request failed: 404 Client Error: Not Found for url: https://worker-blue-frog-o2cd.deanlaughing.workers.dev/?url=
2024-02-07 19:20:02,781:ERROR:HTTP Request failed: 404 Client Error: Not Found for url: https://worker-blue-frog-o2cd.deanlaughing.workers.dev/?url=https://5ad2ddf9aa06683d90aa5df60149f527.r2.cloudflarestorage.com/logs/logs.csv
2024-02-07 19:23:10,703:ERROR:HTTP Request failed: 404 Client Error: Not Found for url: https://worker-blue-frog-o2cd.deanlaughing.workers.dev/?url=https://5ad2ddf9aa06683d90aa5df60149f527.r2.cloudflarestorage.com/logs/logs.csv
2024-02-07 19:23:11,658:ERROR:HTTP Request failed: 404 Client Error: Not Found for url: https://worker-blue-fr
og-o2cd.deanlaughing.workers.dev/?url=https://5ad2ddf9aa06683d90aa5df60149f527.r2.cloudflarestorage.com/logs/logs.csv
2024-02-07 19:31:27,008:ERROR:HTTP Request failed: 404 Client Error: Not Found for url: https://worker-blue-frog-o2cd.deanlaughing.workers.dev/?fileURL=https://5ad2ddf9aa06683d90aa5df60149f527.r2.cloudflarestorage.com/logs/logs.csv
